оперативность
профессионализм
отвестственность
пунктуальность
1с-битрикс
jquery
angularjs
bootstrap
less
rest
jquery
ajax
ms sql
jquery
ajax
создание сайтов
php jquery mysql sql html5 ajax javascript создание сайтов
ms sql server
asp.net
mvc
web api
xml
json
entityframework
jquery
angularjs
docker
angularjs
reactjs
bootstrap
ооп
mvc
1с-битрикс
svn
jquery
tdd
scrum
ajax
ооп
xml
bootstrap
mvc
highcharts
apache http server
rest
restfull
rpc
soap
кроссбраузерная верстка
twig
silex
composer
легаси код
php dbal
phpmailer
phpexcel
guzzle http
jquery
1с-битрикс
ооп
xml
umi
opencart
web-дизайн
adobe photoshop
графический дизайн
adobe illustrator
дизайн
веб-дизайн
web design
дизайн интерфейсов
sketch
ux
ui
axure rp
графические редакторы
графика
adobe indesign
креативность
дизайн
adobe photoshop
adobe flash
графический дизайн
web-дизайн
backbone
ext js
postgresql
1с-битрикс
jquery
ajax
postgresql
xml
web design
adobe photoshop
веб-дизайн
ms powerpoint
adobe indesign
adobe photoshop
coreldraw
adobe illustrator
adobe lightroom
дизайн
фотография
креативность
пользователь пк
internet
работа в команде
adobe photoshop
coreldraw
adobe illustrator
графический дизайн
дизайн
web-дизайн
jquery
1с-битрикс
c++
cpa
лидогенерация
affiliate marketing
деловая переписка
внимательность
партнерский маркетинг
коммуникабельность
internet marketing
макияж
активные продажи
навыки продаж
прямые продажи
m&a
due diligence
ведение переговоров
корпоративное право
английский язык
mergers & acquisitions
corporate finance
ms excel
corporate finance
mergers & acquisitions
busines valuation
project finance
cfa
b2b продажи
активные продажи
холодные продажи
ведение переговоров
развитие продаж
поиск и привлечение клиентов
навыки продаж
телефонные переговоры
media buying
mergers & acquisitions
corporate finance
ms excel
корпоративные финансы
мсфо
ms excel
финансовое моделирование
оценка инвестиционных проектов
финансовая отчетность
инвестиционный анализ
бухгалтерский учет
mongodb
memcached
rabbitmq
yii
ddd
webservices
wcf
js+jquery
front-end
react.js
ruby on rails
php, javascript, jquery, mysql, html5 +, css3, bootstrap
symfony
верстка
веб-программирование
рнр
yii2
phonegap
nginx
redis
разработка по
системная интеграция
управление проектами
с#
gamedev
kudan
ios
vuforia
photon
game programming
game development
unit testing
game programming
unit testing
game programming
vr
.net framework
3d-графика
ar/vr
.net framework
opengl
.net framework
transact-sql
php/mysql, js (фреймворки), html, css
